Started GET "/" for ::1 at 2021-02-05 21:05:33 -0300
Processing by WelcomeController#index as HTML
  Rendering welcome/index.html.erb within layouts/application
  Rendered welcome/index.html.erb within layouts/application (4.7ms)
Completed 200 OK in 1337ms (Views: 1333.4ms | ActiveRecord: 0.0ms)


Started GET "/" for ::1 at 2021-02-05 21:20:05 -0300
Processing by WelcomeController#index as HTML
Filter chain halted as #<Proc:0x000055fe42e64100@/home/ryanonrails/.rvm/gems/ruby-2.6.6/gems/actionpack-5.2.4.4/lib/action_controller/metal/http_authentication.rb:72> rendered or redirected
Completed 401 Unauthorized in 4ms (ActiveRecord: 0.0ms)


Started GET "/" for ::1 at 2021-02-05 21:20:05 -0300
Processing by WelcomeController#index as HTML
Filter chain halted as #<Proc:0x000055fe42e64100@/home/ryanonrails/.rvm/gems/ruby-2.6.6/gems/actionpack-5.2.4.4/lib/action_controller/metal/http_authentication.rb:72> rendered or redirected
Completed 401 Unauthorized in 1ms (ActiveRecord: 0.0ms)


Started GET "/" for ::1 at 2021-02-05 21:20:12 -0300
Processing by WelcomeController#index as HTML
  Rendering welcome/index.html.erb within layouts/application
  Rendered welcome/index.html.erb within layouts/application (1.6ms)
Completed 200 OK in 252ms (Views: 249.8ms | ActiveRecord: 0.0ms)


Started GET "/" for ::1 at 2021-02-05 21:20:32 -0300
Processing by WelcomeController#index as HTML
  Rendering welcome/index.html.erb within layouts/application
  Rendered welcome/index.html.erb within layouts/application (0.3ms)
Completed 200 OK in 20ms (Views: 18.9ms | ActiveRecord: 0.0ms)


