Arguments: 
  /usr/bin/node /usr/share/yarn/bin/yarn.js add --check-files

PATH: 
  /home/ryanonrails/.vscode-server/bin/622cb03f7e070a9670c94bae1a45d78d7181fbd4/bin:/home/ryanonrails/.rvm/gems/ruby-2.6.6/bin:/home/ryanonrails/.rvm/gems/ruby-2.6.6@global/bin:/home/ryanonrails/.rvm/rubies/ruby-2.6.6/bin:/home/ryanonrails/.rvm/bin:/usr/local/sbin:/usr/local/bin:/usr/sbin:/usr/bin:/sbin:/bin:/usr/games:/usr/local/games:/mnt/c/Program Files/WindowsApps/CanonicalGroupLimited.Ubuntu20.04onWindows_2004.2020.812.0_x64__79rhkp1fndgsc:/mnt/c/Python39/Scripts:/mnt/c/Python39:/mnt/c/Windows/system32:/mnt/c/Windows:/mnt/c/Windows/System32/Wbem:/mnt/c/Windows/System32/WindowsPowerShell/v1.0:/mnt/c/Windows/System32/OpenSSH:/mnt/c/Program Files/Git/cmd:/mnt/c/Program Files/nodejs:/mnt/c/ProgramData/chocolatey/bin:/mnt/c/Users/ryans/AppData/Local/Microsoft/WindowsApps:/mnt/c/Users/ryans/AppData/Local/Programs/Microsoft VS Code/bin:/mnt/c/Users/ryans/AppData/Roaming/npm:/snap/bin:/home/ryanonrails/.rvm/bin

Yarn version: 
  1.22.5

Node version: 
  10.19.0

Platform: 
  linux x64

Trace: 
  SyntaxError: /home/ryanonrails/curso-rails/modulo_05/time_to_answer/package.json: Unexpected token } in JSON at position 138
      at JSON.parse (<anonymous>)
      at /usr/share/yarn/lib/cli.js:1625:59
      at Generator.next (<anonymous>)
      at step (/usr/share/yarn/lib/cli.js:310:30)
      at /usr/share/yarn/lib/cli.js:321:13

npm manifest: 
  {
    "name": "time_to_answer",
    "private": true,
    "dependencies": {},
    "version": "1.0.0",
    "main": "index.js",
    "license": "MIT",
    
  }

yarn manifest: 
  No manifest

Lockfile: 
  No lockfile
